<?xml version="1.0" encoding="UTF-8"?>
<testng-results ignored="0" total="1" passed="1" failed="0" skipped="0">
  <reporter-output>
  </reporter-output>
  <suite started-at="2025-09-22T09:00:14 IST" name="Default suite" finished-at="2025-09-22T09:00:14 IST" duration-ms="110">
    <groups>
    </groups>
    <test started-at="2025-09-22T09:00:14 IST" name="Default test" finished-at="2025-09-22T09:00:14 IST" duration-ms="110">
      <class name="subbu.Testjava">
        <test-method signature="dummy()[pri:0, instance:subbu.Testjava@1bb5a082]" started-at="2025-09-22T09:00:14 IST" name="dummy" finished-at="2025-09-22T09:00:14 IST" duration-ms="23" status="PASS">
          <reporter-output>
          </reporter-output>
        </test-method> <!-- dummy -->
      </class> <!-- subbu.Testjava -->
    </test> <!-- Default test -->
  </suite> <!-- Default suite -->
</testng-results>
